Flow report for pwm-hr-sawtooth
Sat Apr 09 14:12:45 2022
Quartus II 64-Bit Version 14.1.0 Build 186 12/03/2014 SJ Web Edition


---------------------
; Table of Contents ;
---------------------
  1. Legal Notice
  2. Flow Summary
  3. Flow Settings
  4. Flow Non-Default Global Settings
  5. Flow Elapsed Time
  6. Flow OS Summary
  7. Flow Log
  8. Flow Messages
  9. Flow Suppressed Messages



----------------
; Legal Notice ;
----------------
Copyright (C) 1991-2014 Altera Corporation. All rights reserved.
Your use of Altera Corporation's design tools, logic functions 
and other software and tools, and its AMPP partner logic 
functions, and any output files from any of the foregoing 
(including device programming or simulation files), and any 
associated documentation or information are expressly subject 
to the terms and conditions of the Altera Program License 
Subscription Agreement, the Altera Quartus II License Agreement,
the Altera MegaCore Function License Agreement, or other 
applicable license agreement, including, without limitation, 
that your use is for the sole purpose of programming logic 
devices manufactured by Altera and sold by Altera or its 
authorized distributors.  Please refer to the applicable 
agreement for further details.



+---------------------------------------------------------------------------------+
; Flow Summary                                                                    ;
+------------------------------------+--------------------------------------------+
; Flow Status                        ; Successful - Sat Apr 09 14:12:45 2022      ;
; Quartus II 64-Bit Version          ; 14.1.0 Build 186 12/03/2014 SJ Web Edition ;
; Revision Name                      ; pwm-hr-sawtooth                            ;
; Top-level Entity Name              ; hrpwm                                      ;
; Family                             ; MAX 10                                     ;
; Device                             ; 10M08DAF484C8GES                           ;
; Timing Models                      ; Preliminary                                ;
; Total logic elements               ; 26 / 8,064 ( < 1 % )                       ;
;     Total combinational functions  ; 23 / 8,064 ( < 1 % )                       ;
;     Dedicated logic registers      ; 16 / 8,064 ( < 1 % )                       ;
; Total registers                    ; 16                                         ;
; Total pins                         ; 20 / 250 ( 8 % )                           ;
; Total virtual pins                 ; 0                                          ;
; Total memory bits                  ; 0 / 387,072 ( 0 % )                        ;
; Embedded Multiplier 9-bit elements ; 0 / 48 ( 0 % )                             ;
; Total PLLs                         ; 1 / 2 ( 50 % )                             ;
; UFM blocks                         ; 0 / 1 ( 0 % )                              ;
; ADC blocks                         ; 0 / 1 ( 0 % )                              ;
+------------------------------------+--------------------------------------------+


+-----------------------------------------+
; Flow Settings                           ;
+-------------------+---------------------+
; Option            ; Setting             ;
+-------------------+---------------------+
; Start date & time ; 04/09/2022 14:11:32 ;
; Main task         ; Compilation         ;
; Revision Name     ; pwm-hr-sawtooth     ;
+-------------------+---------------------+


+------------------------------------------------------------------------------------------------------------------------+
; Flow Non-Default Global Settings                                                                                       ;
+-------------------------------------+---------------------------------+-----------------+-------------+----------------+
; Assignment Name                     ; Value                           ; Default Value   ; Entity Name ; Section Id     ;
+-------------------------------------+---------------------------------+-----------------+-------------+----------------+
; COMPILER_SIGNATURE_ID               ; 163683354026424.164952429112692 ; --              ; --          ; --             ;
; EDA_OUTPUT_DATA_FORMAT              ; Vhdl                            ; --              ; --          ; eda_simulation ;
; EDA_SIMULATION_TOOL                 ; ModelSim-Altera (VHDL)          ; <None>          ; --          ; --             ;
; MAX_CORE_JUNCTION_TEMP              ; 85                              ; --              ; --          ; --             ;
; MIN_CORE_JUNCTION_TEMP              ; 0                               ; --              ; --          ; --             ;
; MISC_FILE                           ; hrpwm_pll.cmp                   ; --              ; --          ; --             ;
; MISC_FILE                           ; hrpwm_pll.ppf                   ; --              ; --          ; --             ;
; PARTITION_COLOR                     ; 16764057                        ; --              ; hrpwm       ; Top            ;
; PARTITION_FITTER_PRESERVATION_LEVEL ; PLACEMENT_AND_ROUTING           ; --              ; hrpwm       ; Top            ;
; PARTITION_NETLIST_TYPE              ; SOURCE                          ; --              ; hrpwm       ; Top            ;
; PROJECT_OUTPUT_DIRECTORY            ; output_files                    ; --              ; --          ; --             ;
; TOP_LEVEL_ENTITY                    ; hrpwm                           ; pwm-hr-sawtooth ; --          ; --             ;
+-------------------------------------+---------------------------------+-----------------+-------------+----------------+


+-------------------------------------------------------------------------------------------------------------------------------+
; Flow Elapsed Time                                                                                                             ;
+---------------------------+--------------+-------------------------+---------------------+------------------------------------+
; Module Name               ; Elapsed Time ; Average Processors Used ; Peak Virtual Memory ; Total CPU Time (on all processors) ;
+---------------------------+--------------+-------------------------+---------------------+------------------------------------+
; Analysis & Synthesis      ; 00:00:22     ; 1.0                     ; 4849 MB             ; 00:00:46                           ;
; Fitter                    ; 00:00:24     ; 1.3                     ; 5900 MB             ; 00:00:21                           ;
; Assembler                 ; 00:00:03     ; 1.0                     ; 4692 MB             ; 00:00:02                           ;
; TimeQuest Timing Analyzer ; 00:00:11     ; 1.0                     ; 4861 MB             ; 00:00:10                           ;
; EDA Netlist Writer        ; 00:00:01     ; 1.0                     ; 4663 MB             ; 00:00:01                           ;
; Total                     ; 00:01:01     ; --                      ; --                  ; 00:01:20                           ;
+---------------------------+--------------+-------------------------+---------------------+------------------------------------+


+----------------------------------------------------------------------------------------+
; Flow OS Summary                                                                        ;
+---------------------------+------------------+-----------+------------+----------------+
; Module Name               ; Machine Hostname ; OS Name   ; OS Version ; Processor type ;
+---------------------------+------------------+-----------+------------+----------------+
; Analysis & Synthesis      ; Desktop          ; Windows 7 ; 6.2        ; x86_64         ;
; Fitter                    ; Desktop          ; Windows 7 ; 6.2        ; x86_64         ;
; Assembler                 ; Desktop          ; Windows 7 ; 6.2        ; x86_64         ;
; TimeQuest Timing Analyzer ; Desktop          ; Windows 7 ; 6.2        ; x86_64         ;
; EDA Netlist Writer        ; Desktop          ; Windows 7 ; 6.2        ; x86_64         ;
+---------------------------+------------------+-----------+------------+----------------+


------------
; Flow Log ;
------------
quartus_map --read_settings_files=on --write_settings_files=off pwm-hr-sawtooth -c pwm-hr-sawtooth
quartus_fit --read_settings_files=off --write_settings_files=off pwm-hr-sawtooth -c pwm-hr-sawtooth
quartus_asm --read_settings_files=off --write_settings_files=off pwm-hr-sawtooth -c pwm-hr-sawtooth
quartus_sta pwm-hr-sawtooth -c pwm-hr-sawtooth
quartus_eda --read_settings_files=off --write_settings_files=off pwm-hr-sawtooth -c pwm-hr-sawtooth



