Assembler report for pwm-hr-sawtooth
Sat Apr 09 14:12:28 2022
Quartus II 64-Bit Version 14.1.0 Build 186 12/03/2014 SJ Web Edition


---------------------
; Table of Contents ;
---------------------
  1. Legal Notice
  2. Assembler Summary
  3. Assembler Settings
  4. Assembler Generated Files
  5. Assembler Device Options: E:/UFSC/inep/pwm-hr-sawtooth/quartus/output_files/pwm-hr-sawtooth.sof
  6. Assembler Messages



----------------
; Legal Notice ;
----------------
Copyright (C) 1991-2014 Altera Corporation. All rights reserved.
Your use of Altera Corporation's design tools, logic functions 
and other software and tools, and its AMPP partner logic 
functions, and any output files from any of the foregoing 
(including device programming or simulation files), and any 
associated documentation or information are expressly subject 
to the terms and conditions of the Altera Program License 
Subscription Agreement, the Altera Quartus II License Agreement,
the Altera MegaCore Function License Agreement, or other 
applicable license agreement, including, without limitation, 
that your use is for the sole purpose of programming logic 
devices manufactured by Altera and sold by Altera or its 
authorized distributors.  Please refer to the applicable 
agreement for further details.



+---------------------------------------------------------------+
; Assembler Summary                                             ;
+-----------------------+---------------------------------------+
; Assembler Status      ; Successful - Sat Apr 09 14:12:28 2022 ;
; Revision Name         ; pwm-hr-sawtooth                       ;
; Top-level Entity Name ; hrpwm                                 ;
; Family                ; MAX 10                                ;
; Device                ; 10M08DAF484C8GES                      ;
+-----------------------+---------------------------------------+


+----------------------------------+
; Assembler Settings               ;
+--------+---------+---------------+
; Option ; Setting ; Default Value ;
+--------+---------+---------------+


+-----------------------------------------------------------------------+
; Assembler Generated Files                                             ;
+-----------------------------------------------------------------------+
; File Name                                                             ;
+-----------------------------------------------------------------------+
; E:/UFSC/inep/pwm-hr-sawtooth/quartus/output_files/pwm-hr-sawtooth.sof ;
+-----------------------------------------------------------------------+


+-------------------------------------------------------------------------------------------------+
; Assembler Device Options: E:/UFSC/inep/pwm-hr-sawtooth/quartus/output_files/pwm-hr-sawtooth.sof ;
+----------------+--------------------------------------------------------------------------------+
; Option         ; Setting                                                                        ;
+----------------+--------------------------------------------------------------------------------+
; Device         ; 10M08DAF484C8GES                                                               ;
; JTAG usercode  ; 0x000770BE                                                                     ;
; Checksum       ; 0x000770BE                                                                     ;
+----------------+--------------------------------------------------------------------------------+


+--------------------+
; Assembler Messages ;
+--------------------+
Info: *******************************************************************
Info: Running Quartus II 64-Bit Assembler
    Info: Version 14.1.0 Build 186 12/03/2014 SJ Web Edition
    Info: Processing started: Sat Apr 09 14:12:25 2022
Info: Command: quartus_asm --read_settings_files=off --write_settings_files=off pwm-hr-sawtooth -c pwm-hr-sawtooth
Info (115030): Assembler is generating device programming files
Info: Quartus II 64-Bit Assembler was successful. 0 errors, 0 warnings
    Info: Peak virtual memory: 4692 megabytes
    Info: Processing ended: Sat Apr 09 14:12:28 2022
    Info: Elapsed time: 00:00:03
    Info: Total CPU time (on all processors): 00:00:02


